<?xml version="1.0" encoding="UTF-8"?>
<!-- Generated by org.testng.reporters.JUnitXMLReporter -->
<testsuite ignored="0" hostname="KUMUDA" failures="0" tests="2" name="Test-Runner-Chrome2" time="0.045" errors="0" timestamp="2022-09-16T12:27:35 IST">
  <testcase classname="org.sdet40.genericUtility.BaseClass" name="@BeforeClass configBC" time="-1.663311455841E9">
    <failure type="org.testng.TestNGException" message="
Parameter &amp;apos;BROWSER&amp;apos; is required by BeforeClass on method configBC but has not been marked @Optional or defined
in C:\Users\krkum\eclipse-workspace\St_Vincents_HospitalManagement_Selenium_Framework\testngparalleldemo.xml">
      <![CDATA[org.testng.TestNGException: 
Parameter 'BROWSER' is required by BeforeClass on method configBC but has not been marked @Optional or defined
in C:\Users\krkum\eclipse-workspace\St_Vincents_HospitalManagement_Selenium_Framework\testngparalleldemo.xml
at java.base/java.util.ArrayList.forEach(ArrayList.java:1511)
at java.base/java.util.concurrent.FutureTask.run(FutureTask.java:264)
at java.base/java.util.concurrent.ThreadPoolExecutor.runWorker(ThreadPoolExecutor.java:1136)
at java.base/java.util.concurrent.ThreadPoolExecutor$Worker.run(ThreadPoolExecutor.java:635)
at java.base/java.lang.Thread.run(Thread.java:833)
... Removed 13 stack frames]]>
    </failure>
  </testcase> <!-- @BeforeClass configBC -->
  <testcase classname="org.sdet40.genericUtility.BaseClass" name="@AfterMethod configAM" time="-1.663311455863E9">
    <skipped/>
  </testcase> <!-- @AfterMethod configAM -->
  <testcase classname="org.sdet40.genericUtility.BaseClass" name="@AfterClass configAC" time="-1.663311455865E9">
    <skipped/>
  </testcase> <!-- @AfterClass configAC -->
  <testcase classname="org.sdet40.genericUtility.BaseClass" name="@BeforeClass configBC" time="-1.663311455867E9">
    <failure type="org.testng.TestNGException" message="
Parameter &amp;apos;BROWSER&amp;apos; is required by BeforeClass on method configBC but has not been marked @Optional or defined
in C:\Users\krkum\eclipse-workspace\St_Vincents_HospitalManagement_Selenium_Framework\testngparalleldemo.xml">
      <![CDATA[org.testng.TestNGException: 
Parameter 'BROWSER' is required by BeforeClass on method configBC but has not been marked @Optional or defined
in C:\Users\krkum\eclipse-workspace\St_Vincents_HospitalManagement_Selenium_Framework\testngparalleldemo.xml
at java.base/java.util.ArrayList.forEach(ArrayList.java:1511)
at java.base/java.util.concurrent.FutureTask.run(FutureTask.java:264)
at java.base/java.util.concurrent.ThreadPoolExecutor.runWorker(ThreadPoolExecutor.java:1136)
at java.base/java.util.concurrent.ThreadPoolExecutor$Worker.run(ThreadPoolExecutor.java:635)
at java.base/java.lang.Thread.run(Thread.java:833)
... Removed 13 stack frames]]>
    </failure>
  </testcase> <!-- @BeforeClass configBC -->
  <testcase classname="org.sdet40.genericUtility.BaseClass" name="@AfterMethod configAM" time="-1.663311455872E9">
    <skipped/>
  </testcase> <!-- @AfterMethod configAM -->
  <testcase classname="org.sdet40.genericUtility.BaseClass" name="@AfterClass configAC" time="-1.663311455874E9">
    <skipped/>
  </testcase> <!-- @AfterClass configAC -->
  <testcase classname="org.HRM.Doctor_test.DocToAdminManagePatTest" name="patientSrchTest" time="0.0">
    <skipped/>
  </testcase> <!-- patientSrchTest -->
  <testcase classname="org.HRM.Doctor_test.DocToAdminPatSrchTest" name="DocPatSrch" time="0.0">
    <skipped/>
  </testcase> <!-- DocPatSrch -->
</testsuite> <!-- Test-Runner-Chrome2 -->
