<?xml version="1.0" encoding="UTF-8"?>
<!-- Generated by org.testng.reporters.JUnitXMLReporter -->
<testsuite ignored="0" hostname="KUMUDA" failures="1" tests="10" name="Command line test" time="18.455" errors="0" timestamp="2022-09-20T13:16:17 IST">
  <testcase classname="org.HRM.Doctor_test.AdminToDocTest" name="adminDocTest" time="1.675">
    <failure type="org.openqa.selenium.ElementNotInteractableException" message="element not interactable
  (Session info: chrome=105.0.5195.102)
Build info: version: &amp;apos;4.4.0&amp;apos;, revision: &amp;apos;e5c75ed026a&amp;apos;
System info: host: &amp;apos;KUMUDA&amp;apos;, ip: &amp;apos;192.168.0.163&amp;apos;, os.name: &amp;apos;Windows 11&amp;apos;, os.arch: &amp;apos;amd64&amp;apos;, os.version: &amp;apos;10.0&amp;apos;, java.version: &amp;apos;18.0.2.1&amp;apos;
Driver info: org.openqa.selenium.chrome.ChromeDriver
Command: [e31677384af62cf0e313992b1fe1f1a9, clickElement {id=5f41d6c1-43ad-4417-8e14-496b84627a31}]
Capabilities {acceptInsecureCerts: false, browserName: chrome, browserVersion: 105.0.5195.102, chrome: {chromedriverVersion: 105.0.5195.52 (412c95e51883..., userDataDir: C:\Users\krkum\AppData\Loca...}, goog:chromeOptions: {debuggerAddress: localhost:62584}, networkConnectionEnabled: false, pageLoadStrategy: normal, platformName: WINDOWS, proxy: Proxy(), se:cdp: ws://localhost:62584/devtoo..., se:cdpVersion: 105.0.5195.102, setWindowRect: true, strictFileInteractability: false, timeouts: {implicit: 0, pageLoad: 300000, script: 30000}, unhandledPromptBehavior: dismiss and notify, webauthn:extension:credBlob: true, webauthn:extension:largeBlob: true, webauthn:virtualAuthenticators: true}
Element: [[ChromeDriver: chrome on WINDOWS (e31677384af62cf0e313992b1fe1f1a9)] -&amp;gt; xpath: //span[text()=&amp;apos; Add Doctor&amp;apos;]]
Session ID: e31677384af62cf0e313992b1fe1f1a9">
      <![CDATA[org.openqa.selenium.ElementNotInteractableException: element not interactable
  (Session info: chrome=105.0.5195.102)
Build info: version: '4.4.0', revision: 'e5c75ed026a'
System info: host: 'KUMUDA', ip: '192.168.0.163', os.name: 'Windows 11', os.arch: 'amd64', os.version: '10.0', java.version: '18.0.2.1'
Driver info: org.openqa.selenium.chrome.ChromeDriver
Command: [e31677384af62cf0e313992b1fe1f1a9, clickElement {id=5f41d6c1-43ad-4417-8e14-496b84627a31}]
Capabilities {acceptInsecureCerts: false, browserName: chrome, browserVersion: 105.0.5195.102, chrome: {chromedriverVersion: 105.0.5195.52 (412c95e51883..., userDataDir: C:\Users\krkum\AppData\Loca...}, goog:chromeOptions: {debuggerAddress: localhost:62584}, networkConnectionEnabled: false, pageLoadStrategy: normal, platformName: WINDOWS, proxy: Proxy(), se:cdp: ws://localhost:62584/devtoo..., se:cdpVersion: 105.0.5195.102, setWindowRect: true, strictFileInteractability: false, timeouts: {implicit: 0, pageLoad: 300000, script: 30000}, unhandledPromptBehavior: dismiss and notify, webauthn:extension:credBlob: true, webauthn:extension:largeBlob: true, webauthn:virtualAuthenticators: true}
Element: [[ChromeDriver: chrome on WINDOWS (e31677384af62cf0e313992b1fe1f1a9)] -> xpath: //span[text()=' Add Doctor']]
Session ID: e31677384af62cf0e313992b1fe1f1a9
at org.openqa.selenium.remote.codec.w3c.W3CHttpResponseCodec.createException(W3CHttpResponseCodec.java:200)
at org.openqa.selenium.remote.codec.w3c.W3CHttpResponseCodec.decode(W3CHttpResponseCodec.java:133)
at org.openqa.selenium.remote.codec.w3c.W3CHttpResponseCodec.decode(W3CHttpResponseCodec.java:53)
at org.openqa.selenium.remote.HttpCommandExecutor.execute(HttpCommandExecutor.java:184)
at org.openqa.selenium.remote.service.DriverCommandExecutor.invokeExecute(DriverCommandExecutor.java:167)
at org.openqa.selenium.remote.service.DriverCommandExecutor.execute(DriverCommandExecutor.java:142)
at org.openqa.selenium.remote.RemoteWebDriver.execute(RemoteWebDriver.java:547)
at org.openqa.selenium.remote.RemoteWebElement.execute(RemoteWebElement.java:257)
at org.openqa.selenium.remote.RemoteWebElement.click(RemoteWebElement.java:78)
at org.openqa.selenium.support.pagefactory.internal.LocatingElementHandler.invoke(LocatingElementHandler.java:52)
at jdk.proxy2/jdk.proxy2.$Proxy14.click(Unknown Source)
at org.HMS.objectRepository.AddDoctorPage.addDoctorFea(AddDoctorPage.java:55)
at org.HRM.Doctor_test.AdminToDocTest.adminDocTest(AdminToDocTest.java:31)
at java.base/java.util.ArrayList.forEach(ArrayList.java:1511)
... Removed 38 stack frames]]>
    </failure>
  </testcase> <!-- adminDocTest -->
  <testcase classname="org.HRM.Doctor_test.DocToAdminManagePatTest" name="patientSrchTest" time="3.84"/>
  <testcase classname="org.HRM.Doctor_test.DocToAdminPatSrchTest" name="DocPatSrch" time="3.624"/>
  <testcase classname="org.HRM.Doctor_test.PatSearchTest" name="patientSrchTest" time="2.802"/>
  <testcase classname="org.sdet40.admin.CustomerTest" name="modifyCustomerTest" time="0.0"/>
  <testcase classname="org.sdet40.admin.CustomerTest" name="deleteCustomerTest" time="0.0"/>
  <testcase classname="org.sdet40.admin.MavenPracticeTest" name="step1Test" time="0.0"/>
  <testcase classname="org.sdet40.admin.TestNGRetryFailDemo" name="test1" time="0.0"/>
  <testcase classname="org.sdet40.admin.TestNGRetryFailDemo" name="test2" time="0.0"/>
  <testcase classname="org.sdet40.admin.TestNGRetryFailDemo" name="test3" time="0.0"/>
</testsuite> <!-- Command line test -->
